c:\users\alulab14\downloads\proyectosemaforo\proyectosemaforoview\debug\vc141.pdb
c:\users\alulab14\downloads\proyectosemaforo\proyectosemaforoview\debug\main.obj
c:\users\alulab14\downloads\proyectosemaforo\proyectosemaforoview\debug\frmprincipal.obj
c:\users\alulab14\downloads\proyectosemaforo\proyectosemaforoview\debug\frmnuevosemaforo.obj
c:\users\alulab14\downloads\proyectosemaforo\proyectosemaforoview\debug\frmnuevacuadra.obj
c:\users\alulab14\downloads\proyectosemaforo\proyectosemaforoview\debug\frmmodificarsemaforo.obj
c:\users\alulab14\downloads\proyectosemaforo\proyectosemaforoview\debug\frmmodificarled.obj
c:\users\alulab14\downloads\proyectosemaforo\proyectosemaforoview\debug\frmmantsemaforos.obj
c:\users\alulab14\downloads\proyectosemaforo\proyectosemaforoview\debug\frmmantcuadra.obj
c:\users\alulab14\downloads\proyectosemaforo\proyectosemaforoview\debug\frmagregarled.obj
c:\users\alulab14\downloads\proyectosemaforo\proyectosemaforoview\debug\.netframework,version=v4.6.1.assemblyattributes.obj
c:\users\alulab14\downloads\proyectosemaforo\proyectosemaforoview\debug\.netframework,version=v4.6.1.assemblyattributes.asm
c:\users\alulab14\downloads\proyectosemaforo\proyectosemaforoview\debug\listaled.obj
c:\users\alulab14\downloads\proyectosemaforo\debug\proyectosemaforoview.exe
c:\users\alulab14\downloads\proyectosemaforo\debug\proyectosemaforoview.pdb
c:\users\alulab14\downloads\proyectosemaforo\proyectosemaforoview\debug\proyectosemaforoview.frmagregarled.resources
c:\users\alulab14\downloads\proyectosemaforo\proyectosemaforoview\debug\proyectosemaforoview.frmmantsemaforos.resources
c:\users\alulab14\downloads\proyectosemaforo\proyectosemaforoview\debug\proyectosemaforoview.frmmodificarled.resources
c:\users\alulab14\downloads\proyectosemaforo\proyectosemaforoview\debug\proyectosemaforoview.frmmodificarsemaforo.resources
c:\users\alulab14\downloads\proyectosemaforo\proyectosemaforoview\debug\proyectosemaforoview.frmnuevosemaforo.resources
c:\users\alulab14\downloads\proyectosemaforo\proyectosemaforoview\debug\proyectosemaforoview.frmprincipal.resources
c:\users\alulab14\downloads\proyectosemaforo\proyectosemaforoview\debug\proyectosemaforoview.listaled.resources
c:\users\steven!\documents\leng. prog. orient. objetos\proyectosemaforo vdb\proyectosemaforoview\debug\proyectosemaforoview.vcxproj.generateresource.cache
c:\users\steven!\documents\leng. prog. orient. objetos\proyectosemaforo vdb\proyectosemaforoview\debug\proyectosemaforoview.vcxprojresolveassemblyreference.cache
c:\users\steven!\documents\leng. prog. orient. objetos\proyectosemaforo vdb\proyectosemaforoview\debug\.netframework,version=v4.6.1.assemblyattributes.obj
c:\users\steven!\documents\leng. prog. orient. objetos\proyectosemaforo vdb\proyectosemaforoview\debug\frmagregarled.obj
c:\users\steven!\documents\leng. prog. orient. objetos\proyectosemaforo vdb\proyectosemaforoview\debug\frmmantcuadra.obj
c:\users\steven!\documents\leng. prog. orient. objetos\proyectosemaforo vdb\proyectosemaforoview\debug\frmmantsemaforos.obj
c:\users\steven!\documents\leng. prog. orient. objetos\proyectosemaforo vdb\proyectosemaforoview\debug\frmmodificarled.obj
c:\users\steven!\documents\leng. prog. orient. objetos\proyectosemaforo vdb\proyectosemaforoview\debug\frmmodificarsemaforo.obj
c:\users\steven!\documents\leng. prog. orient. objetos\proyectosemaforo vdb\proyectosemaforoview\debug\frmnuevacuadra.obj
c:\users\steven!\documents\leng. prog. orient. objetos\proyectosemaforo vdb\proyectosemaforoview\debug\frmnuevosemaforo.obj
c:\users\steven!\documents\leng. prog. orient. objetos\proyectosemaforo vdb\proyectosemaforoview\debug\frmprincipal.obj
c:\users\steven!\documents\leng. prog. orient. objetos\proyectosemaforo vdb\proyectosemaforoview\debug\listaled.obj
c:\users\steven!\documents\leng. prog. orient. objetos\proyectosemaforo vdb\proyectosemaforoview\debug\main.obj
c:\users\steven!\documents\leng. prog. orient. objetos\proyectosemaforo vdb\proyectosemaforoview\debug\proyectosemaforoview.frmagregarled.resources
c:\users\steven!\documents\leng. prog. orient. objetos\proyectosemaforo vdb\proyectosemaforoview\debug\proyectosemaforoview.frmmantsemaforos.resources
c:\users\steven!\documents\leng. prog. orient. objetos\proyectosemaforo vdb\proyectosemaforoview\debug\proyectosemaforoview.frmmodificarled.resources
c:\users\steven!\documents\leng. prog. orient. objetos\proyectosemaforo vdb\proyectosemaforoview\debug\proyectosemaforoview.frmmodificarsemaforo.resources
c:\users\steven!\documents\leng. prog. orient. objetos\proyectosemaforo vdb\proyectosemaforoview\debug\proyectosemaforoview.frmnuevosemaforo.resources
c:\users\steven!\documents\leng. prog. orient. objetos\proyectosemaforo vdb\proyectosemaforoview\debug\proyectosemaforoview.frmprincipal.resources
c:\users\steven!\documents\leng. prog. orient. objetos\proyectosemaforo vdb\proyectosemaforoview\debug\proyectosemaforoview.listaled.resources
c:\users\steven!\documents\leng. prog. orient. objetos\proyectosemaforo vdb\proyectosemaforoview\debug\vc141.pdb
c:\users\steven!\documents\leng. prog. orient. objetos\proyectosemaforo vdb\debug\proyectosemaforoview.pdb
c:\users\steven!\documents\leng. prog. orient. objetos\proyectosemaforo vdb\debug\proyectosemaforoview.exe
c:\users\steven!\documents\leng. prog. orient. objetos\proyectosemaforo vdb\proyectosemaforoview\debug\proyecto.431afd4b.tlog\cl.command.1.tlog
c:\users\steven!\documents\leng. prog. orient. objetos\proyectosemaforo vdb\proyectosemaforoview\debug\proyecto.431afd4b.tlog\cl.read.1.tlog
c:\users\steven!\documents\leng. prog. orient. objetos\proyectosemaforo vdb\proyectosemaforoview\debug\proyecto.431afd4b.tlog\cl.write.1.tlog
c:\users\steven!\documents\leng. prog. orient. objetos\proyectosemaforo vdb\proyectosemaforoview\debug\proyecto.431afd4b.tlog\link.command.1.tlog
c:\users\steven!\documents\leng. prog. orient. objetos\proyectosemaforo vdb\proyectosemaforoview\debug\proyecto.431afd4b.tlog\link.read.1.tlog
c:\users\steven!\documents\leng. prog. orient. objetos\proyectosemaforo vdb\proyectosemaforoview\debug\proyecto.431afd4b.tlog\link.write.1.tlog
c:\users\steven!\documents\leng. prog. orient. objetos\proyectosemaforo vdb\proyectosemaforoview\debug\proyecto.431afd4b.tlog\metagen.read.1.tlog
c:\users\steven!\documents\leng. prog. orient. objetos\proyectosemaforo vdb\proyectosemaforoview\debug\proyecto.431afd4b.tlog\metagen.write.1.tlog
c:\users\steven!\documents\leng. prog. orient. objetos\proyectosemaforo vdb\proyectosemaforoview\debug\proyecto.431afd4b.tlog\proyectosemaforoview.write.1u.tlog
c:\users\steven!\documents\leng. prog. orient. objetos\proyectosemaforo vdb\proyectosemaforoview\debug\proyecto.431afd4b.tlog\rsaenh.dll.bi
c:\users\steven!\documents\leng. prog. orient. objetos\proyectosemaforo vdb\proyectosemaforoview\debug\proyecto.431afd4b.tlog\tzres.dll.bi
